# JRE version: Java(TM) SE Runtime Environment (8.0_65-b17) (build 1.8.0_65-b17)
# Java VM: Java HotSpot(TM) 64-Bit Server VM (25.65-b01 mixed mode windows-amd64 compressed oops)
Heap:
 PSYoungGen      total 71168K, used 62199K [0x00000000eae00000, 0x00000000efd00000, 0x0000000100000000)
  eden space 64512K, 86% used [0x00000000eae00000,0x00000000ee441838,0x00000000eed00000)
  from space 6656K, 99% used [0x00000000ef480000,0x00000000efafc538,0x00000000efb00000)
  to   space 7680K, 0% used [0x00000000eed00000,0x00000000eed00000,0x00000000ef480000)
 ParOldGen       total 44032K, used 11439K [0x00000000c0a00000, 0x00000000c3500000, 0x00000000eae00000)
  object space 44032K, 25% used [0x00000000c0a00000,0x00000000c152bc38,0x00000000c3500000)
 Metaspace       used 18274K, capacity 18566K, committed 18944K, reserved 1064960K
  class space    used 2363K, capacity 2454K, committed 2560K, reserved 1048576K
GC Heap History (10 events):
Event: 3.549 GC heap before
{Heap before GC invocations=2 (full 0):
 PSYoungGen      total 18944K, used 18928K [0x00000000eae00000, 0x00000000ec300000, 0x0000000100000000)
  eden space 16384K, 100% used [0x00000000eae00000,0x00000000ebe00000,0x00000000ebe00000)
  from space 2560K, 99% used [0x00000000ebe00000,0x00000000ec07c010,0x00000000ec080000)
  to   space 2560K, 0% used [0x00000000ec080000,0x00000000ec080000,0x00000000ec300000)
 ParOldGen       total 44032K, used 1362K [0x00000000c0a00000, 0x00000000c3500000, 0x00000000eae00000)
  object space 44032K, 3% used [0x00000000c0a00000,0x00000000c0b548d0,0x00000000c3500000)
 Metaspace       used 17683K, capacity 17944K, committed 18048K, reserved 1064960K
  class space    used 2348K, capacity 2421K, committed 2432K, reserved 1048576K
Event: 3.554 GC heap after
Heap after GC invocations=2 (full 0):
 PSYoungGen      total 18944K, used 2528K [0x00000000eae00000, 0x00000000ec300000, 0x0000000100000000)
  eden space 16384K, 0% used [0x00000000eae00000,0x00000000eae00000,0x00000000ebe00000)
  from space 2560K, 98% used [0x00000000ec080000,0x00000000ec2f8020,0x00000000ec300000)
  to   space 2560K, 0% used [0x00000000ebe00000,0x00000000ebe00000,0x00000000ec080000)
 ParOldGen       total 44032K, used 2924K [0x00000000c0a00000, 0x00000000c3500000, 0x00000000eae00000)
  object space 44032K, 6% used [0x00000000c0a00000,0x00000000c0cdb1d8,0x00000000c3500000)
 Metaspace       used 17683K, capacity 17944K, committed 18048K, reserved 1064960K
  class space    used 2348K, capacity 2421K, committed 2432K, reserved 1048576K
}
Event: 3.704 GC heap before
{Heap before GC invocations=3 (full 0):
 PSYoungGen      total 18944K, used 18912K [0x00000000eae00000, 0x00000000ec300000, 0x0000000100000000)
  eden space 16384K, 100% used [0x00000000eae00000,0x00000000ebe00000,0x00000000ebe00000)
  from space 2560K, 98% used [0x00000000ec080000,0x00000000ec2f8020,0x00000000ec300000)
  to   space 2560K, 0% used [0x00000000ebe00000,0x00000000ebe00000,0x00000000ec080000)
 ParOldGen       total 44032K, used 2924K [0x00000000c0a00000, 0x00000000c3500000, 0x00000000eae00000)
  object space 44032K, 6% used [0x00000000c0a00000,0x00000000c0cdb1d8,0x00000000c3500000)
 Metaspace       used 17741K, capacity 18008K, committed 18304K, reserved 1064960K
  class space    used 2349K, capacity 2421K, committed 2432K, reserved 1048576K
Event: 3.708 GC heap after
Heap after GC invocations=3 (full 0):
 PSYoungGen      total 18944K, used 2530K [0x00000000eae00000, 0x00000000ed300000, 0x0000000100000000)
  eden space 16384K, 0% used [0x00000000eae00000,0x00000000eae00000,0x00000000ebe00000)
  from space 2560K, 98% used [0x00000000ebe00000,0x00000000ec0789a0,0x00000000ec080000)
  to   space 2560K, 0% used [0x00000000ed080000,0x00000000ed080000,0x00000000ed300000)
 ParOldGen       total 44032K, used 4831K [0x00000000c0a00000, 0x00000000c3500000, 0x00000000eae00000)
  object space 44032K, 10% used [0x00000000c0a00000,0x00000000c0eb7c08,0x00000000c3500000)
 Metaspace       used 17741K, capacity 18008K, committed 18304K, reserved 1064960K
  class space    used 2349K, capacity 2421K, committed 2432K, reserved 1048576K
}
Event: 3.768 GC heap before
{Heap before GC invocations=4 (full 0):
 PSYoungGen      total 18944K, used 18914K [0x00000000eae00000, 0x00000000ed300000, 0x0000000100000000)
  eden space 16384K, 100% used [0x00000000eae00000,0x00000000ebe00000,0x00000000ebe00000)
  from space 2560K, 98% used [0x00000000ebe00000,0x00000000ec0789a0,0x00000000ec080000)
  to   space 2560K, 0% used [0x00000000ed080000,0x00000000ed080000,0x00000000ed300000)
 ParOldGen       total 44032K, used 4831K [0x00000000c0a00000, 0x00000000c3500000, 0x00000000eae00000)
  object space 44032K, 10% used [0x00000000c0a00000,0x00000000c0eb7c08,0x00000000c3500000)
 Metaspace       used 17742K, capacity 18008K, committed 18304K, reserved 1064960K
  class space    used 2349K, capacity 2421K, committed 2432K, reserved 1048576K
Event: 3.773 GC heap after
Heap after GC invocations=4 (full 0):
 PSYoungGen      total 35328K, used 2537K [0x00000000eae00000, 0x00000000ed300000, 0x0000000100000000)
  eden space 32768K, 0% used [0x00000000eae00000,0x00000000eae00000,0x00000000ece00000)
  from space 2560K, 99% used [0x00000000ed080000,0x00000000ed2fa530,0x00000000ed300000)
  to   space 2560K, 0% used [0x00000000ece00000,0x00000000ece00000,0x00000000ed080000)
 ParOldGen       total 44032K, used 6991K [0x00000000c0a00000, 0x00000000c3500000, 0x00000000eae00000)
  object space 44032K, 15% used [0x00000000c0a00000,0x00000000c10d3c18,0x00000000c3500000)
 Metaspace       used 17742K, capacity 18008K, committed 18304K, reserved 1064960K
  class space    used 2349K, capacity 2421K, committed 2432K, reserved 1048576K
}
Event: 3.880 GC heap before
{Heap before GC invocations=5 (full 0):
 PSYoungGen      total 35328K, used 35305K [0x00000000eae00000, 0x00000000ed300000, 0x0000000100000000)
  eden space 32768K, 100% used [0x00000000eae00000,0x00000000ece00000,0x00000000ece00000)
  from space 2560K, 99% used [0x00000000ed080000,0x00000000ed2fa530,0x00000000ed300000)
  to   space 2560K, 0% used [0x00000000ece00000,0x00000000ece00000,0x00000000ed080000)
 ParOldGen       total 44032K, used 6991K [0x00000000c0a00000, 0x00000000c3500000, 0x00000000eae00000)
  object space 44032K, 15% used [0x00000000c0a00000,0x00000000c10d3c18,0x00000000c3500000)
 Metaspace       used 17766K, capacity 18008K, committed 18304K, reserved 1064960K
  class space    used 2350K, capacity 2421K, committed 2432K, reserved 1048576K
Event: 3.887 GC heap after
Heap after GC invocations=5 (full 0):
 PSYoungGen      total 35328K, used 2528K [0x00000000eae00000, 0x00000000efb00000, 0x0000000100000000)
  eden space 32768K, 0% used [0x00000000eae00000,0x00000000eae00000,0x00000000ece00000)
  from space 2560K, 98% used [0x00000000ece00000,0x00000000ed078388,0x00000000ed080000)
  to   space 6656K, 0% used [0x00000000ef480000,0x00000000ef480000,0x00000000efb00000)
 ParOldGen       total 44032K, used 11255K [0x00000000c0a00000, 0x00000000c3500000, 0x00000000eae00000)
  object space 44032K, 25% used [0x00000000c0a00000,0x00000000c14fdc38,0x00000000c3500000)
 Metaspace       used 17766K, capacity 18008K, committed 18304K, reserved 1064960K
  class space    used 2350K, capacity 2421K, committed 2432K, reserved 1048576K
}
Event: 3.970 GC heap before
{Heap before GC invocations=6 (full 0):
 PSYoungGen      total 35328K, used 35296K [0x00000000eae00000, 0x00000000efb00000, 0x0000000100000000)
  eden space 32768K, 100% used [0x00000000eae00000,0x00000000ece00000,0x00000000ece00000)
  from space 2560K, 98% used [0x00000000ece00000,0x00000000ed078388,0x00000000ed080000)
  to   space 6656K, 0% used [0x00000000ef480000,0x00000000ef480000,0x00000000efb00000)
 ParOldGen       total 44032K, used 11255K [0x00000000c0a00000, 0x00000000c3500000, 0x00000000eae00000)
  object space 44032K, 25% used [0x00000000c0a00000,0x00000000c14fdc38,0x00000000c3500000)
 Metaspace       used 17772K, capacity 18008K, committed 18304K, reserved 1064960K
  class space    used 2350K, capacity 2421K, committed 2432K, reserved 1048576K
Event: 3.977 GC heap after
Heap after GC invocations=6 (full 0):
 PSYoungGen      total 71168K, used 6641K [0x00000000eae00000, 0x00000000efd00000, 0x0000000100000000)
  eden space 64512K, 0% used [0x00000000eae00000,0x00000000eae00000,0x00000000eed00000)
  from space 6656K, 99% used [0x00000000ef480000,0x00000000efafc538,0x00000000efb00000)
  to   space 7680K, 0% used [0x00000000eed00000,0x00000000eed00000,0x00000000ef480000)
 ParOldGen       total 44032K, used 11439K [0x00000000c0a00000, 0x00000000c3500000, 0x00000000eae00000)
  object space 44032K, 25% used [0x00000000c0a00000,0x00000000c152bc38,0x00000000c3500000)
 Metaspace       used 17772K, capacity 18008K, committed 18304K, reserved 1064960K
  class space    used 2350K, capacity 2421K, committed 2432K, reserved 1048576K
}

